<?xml version="1.0" encoding="UTF-8"?>
<!-- Generated by org.testng.reporters.JUnitReportReporter -->
<testsuite hostname="karishmas-MacBook-Air.local" failures="0" tests="1" name="AppiumMobileAutomation.eCommerce_tc_2" time="28.982" errors="0" timestamp="2024-10-11T23:42:04 IST" skipped="0">
  <testcase classname="AppiumMobileAutomation.eCommerce_tc_2" name="AddToCart" time="28.982"/>
</testsuite> <!-- AppiumMobileAutomation.eCommerce_tc_2 -->
