<?xml version="1.0" encoding="UTF-8"?>
<!-- Generated by org.testng.reporters.JUnitReportReporter -->
<testsuite hostname="karishmas-MacBook-Air.local" failures="0" tests="1" name="AppiumMobileAutomation.WifiSettingsName" time="14.364" errors="0" timestamp="2024-08-15T23:42:48 IST" skipped="0">
  <testcase classname="AppiumMobileAutomation.WifiSettingsName" name="WifiSetting" time="14.364"/>
</testsuite> <!-- AppiumMobileAutomation.WifiSettingsName -->
