<?xml version="1.0" encoding="UTF-8"?>
<!-- Generated by org.testng.reporters.JUnitReportReporter -->
<testsuite hostname="karishmas-MacBook-Air.local" failures="0" tests="1" name="AppiumMobileAutomation.SwipeDemo" time="10.091" errors="0" timestamp="2024-08-22T00:38:33 IST" skipped="0">
  <testcase classname="AppiumMobileAutomation.SwipeDemo" name="SwipeTest" time="10.091"/>
</testsuite> <!-- AppiumMobileAutomation.SwipeDemo -->
