<?xml version="1.0" encoding="UTF-8"?>
<!-- Generated by org.testng.reporters.JUnitReportReporter -->
<testsuite hostname="karishmas-MacBook-Air.local" failures="0" tests="1" name="AppiumMobileAutomation.DragAndDropDemo" time="13.086" errors="0" timestamp="2024-08-23T23:37:03 IST" skipped="0">
  <testcase classname="AppiumMobileAutomation.DragAndDropDemo" name="DragDropTest" time="13.086"/>
</testsuite> <!-- AppiumMobileAutomation.DragAndDropDemo -->
