<?xml version="1.0" encoding="UTF-8"?>
<!-- Generated by org.testng.reporters.JUnitReportReporter -->
<testsuite hostname="karishmas-MacBook-Air.local" failures="0" tests="1" name="AppiumMobileAutomation.WifiSettingsName" time="9.854" errors="0" timestamp="2024-08-08T23:59:07 IST" skipped="0">
  <testcase classname="AppiumMobileAutomation.WifiSettingsName" name="WifiSetting" time="9.854"/>
</testsuite> <!-- AppiumMobileAutomation.WifiSettingsName -->
