<?xml version="1.0" encoding="UTF-8"?>
<!-- Generated by org.testng.reporters.JUnitReportReporter -->
<testsuite hostname="karishmas-MacBook-Air.local" failures="0" tests="1" name="AppiumMobileAutomation.AlertDemo" time="19.219" errors="0" timestamp="2024-08-25T21:27:24 IST" skipped="0">
  <testcase classname="AppiumMobileAutomation.AlertDemo" name="alertTest" time="19.219"/>
</testsuite> <!-- AppiumMobileAutomation.AlertDemo -->
