<?xml version="1.0" encoding="UTF-8"?>
<!-- Generated by org.testng.reporters.JUnitReportReporter -->
<testsuite hostname="karishmas-MacBook-Air.local" failures="0" tests="1" name="AppiumMobileAutomation.LongPress" time="21.125" errors="0" timestamp="2024-08-21T23:12:53 IST" skipped="0">
  <testcase classname="AppiumMobileAutomation.LongPress" name="LongPressGesture" time="21.125"/>
</testsuite> <!-- AppiumMobileAutomation.LongPress -->
