<?xml version="1.0" encoding="UTF-8"?>
<!-- Generated by org.testng.reporters.JUnitReportReporter -->
<testsuite hostname="karishmas-MacBook-Air.local" failures="0" tests="1" name="AppiumMobileAutomation.ScrollDemo" time="23.950" errors="0" timestamp="2024-08-21T23:47:39 IST" skipped="0">
  <testcase classname="AppiumMobileAutomation.ScrollDemo" name="ScrollDemoTest" time="23.950"/>
</testsuite> <!-- AppiumMobileAutomation.ScrollDemo -->
