<?xml version="1.0" encoding="UTF-8"?>
<!-- Generated by org.testng.reporters.JUnitReportReporter -->
<testsuite hostname="karishmas-MacBook-Air.local" failures="0" tests="1" name="AppiumMobileAutomation.AppiumBasics" time="10.594" errors="0" timestamp="2024-08-08T00:33:43 IST" skipped="0">
  <testcase classname="AppiumMobileAutomation.AppiumBasics" name="AppiumTest" time="10.594"/>
</testsuite> <!-- AppiumMobileAutomation.AppiumBasics -->
